<?xml version="1.0" encoding="UTF-8"?>
<coverage generated="1778769203324" clover="3.2.0">
  <project timestamp="1778769203325" name="All files">
    <metrics statements="202" coveredstatements="185" conditionals="160" coveredconditionals="137" methods="34" coveredmethods="34" elements="396" coveredelements="356" complexity="0" loc="202" ncloc="202" packages="1" files="2" classes="2"/>
    <file name="cron-auth.ts" path="/home/dennisvanwestbroek/psf/src/lib/cron-auth.ts">
      <metrics statements="37" coveredstatements="37" conditionals="31" coveredconditionals="26" methods="6" coveredmethods="6"/>
      <line num="9" count="9" type="stmt"/>
      <line num="17" count="9" type="stmt"/>
      <line num="18" count="9" type="cond" truecount="2" falsecount="0"/>
      <line num="19" count="2" type="cond" truecount="1" falsecount="1"/>
      <line num="20" count="4" type="stmt"/>
      <line num="21" count="2" type="stmt"/>
      <line num="25" count="5" type="stmt"/>
      <line num="26" count="5" type="cond" truecount="2" falsecount="0"/>
      <line num="27" count="4" type="stmt"/>
      <line num="28" count="4" type="cond" truecount="1" falsecount="1"/>
      <line num="31" count="5" type="stmt"/>
      <line num="35" count="3" type="stmt"/>
      <line num="36" count="3" type="stmt"/>
      <line num="37" count="3" type="cond" truecount="3" falsecount="1"/>
      <line num="39" count="3" type="stmt"/>
      <line num="40" count="3" type="cond" truecount="1" falsecount="1"/>
      <line num="42" count="3" type="stmt"/>
      <line num="43" count="3" type="cond" truecount="2" falsecount="0"/>
      <line num="45" count="2" type="stmt"/>
      <line num="49" count="2" type="stmt"/>
      <line num="50" count="2" type="stmt"/>
      <line num="51" count="2" type="cond" truecount="1" falsecount="1"/>
      <line num="53" count="2" type="stmt"/>
      <line num="64" count="10" type="stmt"/>
      <line num="65" count="10" type="cond" truecount="2" falsecount="0"/>
      <line num="66" count="1" type="stmt"/>
      <line num="69" count="9" type="stmt"/>
      <line num="70" count="9" type="cond" truecount="2" falsecount="0"/>
      <line num="71" count="1" type="stmt"/>
      <line num="74" count="8" type="stmt"/>
      <line num="75" count="8" type="cond" truecount="2" falsecount="0"/>
      <line num="76" count="3" type="cond" truecount="2" falsecount="0"/>
      <line num="77" count="1" type="stmt"/>
      <line num="79" count="2" type="stmt"/>
      <line num="82" count="5" type="cond" truecount="2" falsecount="0"/>
      <line num="83" count="3" type="stmt"/>
      <line num="86" count="2" type="stmt"/>
    </file>
    <file name="intake-engine.ts" path="/home/dennisvanwestbroek/psf/src/lib/intake-engine.ts">
      <metrics statements="165" coveredstatements="148" conditionals="129" coveredconditionals="111" methods="28" coveredmethods="28"/>
      <line num="78" count="12" type="stmt"/>
      <line num="79" count="12" type="stmt"/>
      <line num="80" count="12" type="stmt"/>
      <line num="81" count="12" type="stmt"/>
      <line num="82" count="12" type="stmt"/>
      <line num="83" count="12" type="stmt"/>
      <line num="84" count="12" type="cond" truecount="2" falsecount="0"/>
      <line num="85" count="12" type="stmt"/>
      <line num="87" count="12" type="cond" truecount="4" falsecount="0"/>
      <line num="90" count="12" type="stmt"/>
      <line num="91" count="12" type="cond" truecount="2" falsecount="0"/>
      <line num="92" count="12" type="stmt"/>
      <line num="102" count="1" type="stmt"/>
      <line num="111" count="1" type="stmt"/>
      <line num="122" count="1" type="stmt"/>
      <line num="133" count="1" type="stmt"/>
      <line num="134" count="1" type="stmt"/>
      <line num="135" count="1" type="cond" truecount="3" falsecount="1"/>
      <line num="136" count="1" type="stmt"/>
      <line num="139" count="0" type="stmt"/>
      <line num="142" count="1" type="stmt"/>
      <line num="166" count="663" type="stmt"/>
      <line num="167" count="663" type="cond" truecount="2" falsecount="0"/>
      <line num="171" count="138" type="stmt"/>
      <line num="175" count="26" type="stmt"/>
      <line num="176" count="26" type="stmt"/>
      <line num="177" count="26" type="stmt"/>
      <line num="178" count="26" type="stmt"/>
      <line num="179" count="26" type="stmt"/>
      <line num="180" count="26" type="stmt"/>
      <line num="181" count="26" type="stmt"/>
      <line num="182" count="26" type="stmt"/>
      <line num="183" count="26" type="stmt"/>
      <line num="185" count="26" type="stmt"/>
      <line num="202" count="240" type="stmt"/>
      <line num="206" count="311" type="stmt"/>
      <line num="211" count="18" type="cond" truecount="2" falsecount="0"/>
      <line num="212" count="11" type="stmt"/>
      <line num="215" count="7" type="stmt"/>
      <line num="223" count="66" type="stmt"/>
      <line num="231" count="37" type="stmt"/>
      <line num="235" count="28" type="stmt"/>
      <line num="237" count="28" type="stmt"/>
      <line num="238" count="63" type="stmt"/>
      <line num="239" count="66" type="stmt"/>
      <line num="241" count="66" type="cond" truecount="1" falsecount="1"/>
      <line num="242" count="0" type="stmt"/>
      <line num="245" count="66" type="stmt"/>
      <line num="246" count="66" type="stmt"/>
      <line num="254" count="14" type="stmt"/>
      <line num="256" count="14" type="stmt"/>
      <line num="257" count="50" type="stmt"/>
      <line num="258" count="37" type="stmt"/>
      <line num="260" count="37" type="cond" truecount="2" falsecount="0"/>
      <line num="261" count="13" type="stmt"/>
      <line num="264" count="24" type="stmt"/>
      <line num="265" count="24" type="stmt"/>
      <line num="273" count="23" type="stmt"/>
      <line num="304" count="8" type="stmt"/>
      <line num="305" count="48" type="stmt"/>
      <line num="306" count="48" type="stmt"/>
      <line num="307" count="48" type="stmt"/>
      <line num="309" count="8" type="cond" truecount="2" falsecount="0"/>
      <line num="310" count="2" type="stmt"/>
      <line num="313" count="6" type="cond" truecount="4" falsecount="0"/>
      <line num="314" count="2" type="stmt"/>
      <line num="317" count="19" type="cond" truecount="2" falsecount="0"/>
      <line num="318" count="3" type="stmt"/>
      <line num="321" count="6" type="cond" truecount="3" falsecount="1"/>
      <line num="322" count="1" type="stmt"/>
      <line num="325" count="0" type="stmt"/>
      <line num="329" count="10" type="cond" truecount="2" falsecount="0"/>
      <line num="330" count="2" type="stmt"/>
      <line num="336" count="8" type="cond" truecount="2" falsecount="0"/>
      <line num="337" count="1" type="stmt"/>
      <line num="344" count="7" type="cond" truecount="4" falsecount="0"/>
      <line num="345" count="4" type="stmt"/>
      <line num="346" count="4" type="stmt"/>
      <line num="348" count="4" type="cond" truecount="4" falsecount="0"/>
      <line num="349" count="2" type="stmt"/>
      <line num="351" count="2" type="cond" truecount="2" falsecount="0"/>
      <line num="352" count="1" type="stmt"/>
      <line num="354" count="1" type="stmt"/>
      <line num="357" count="4" type="cond" truecount="2" falsecount="0"/>
      <line num="358" count="4" type="stmt"/>
      <line num="365" count="3" type="stmt"/>
      <line num="366" count="3" type="stmt"/>
      <line num="368" count="3" type="cond" truecount="2" falsecount="0"/>
      <line num="369" count="1" type="stmt"/>
      <line num="376" count="2" type="cond" truecount="2" falsecount="0"/>
      <line num="377" count="1" type="stmt"/>
      <line num="384" count="1" type="cond" truecount="1" falsecount="1"/>
      <line num="385" count="1" type="stmt"/>
      <line num="386" count="1" type="cond" truecount="1" falsecount="1"/>
      <line num="387" count="1" type="stmt"/>
      <line num="393" count="0" type="stmt"/>
      <line num="400" count="0" type="cond" truecount="0" falsecount="2"/>
      <line num="401" count="0" type="stmt"/>
      <line num="402" count="0" type="stmt"/>
      <line num="403" count="0" type="cond" truecount="0" falsecount="4"/>
      <line num="404" count="0" type="stmt"/>
      <line num="406" count="0" type="cond" truecount="0" falsecount="4"/>
      <line num="407" count="0" type="stmt"/>
      <line num="409" count="0" type="stmt"/>
      <line num="415" count="0" type="stmt"/>
      <line num="422" count="0" type="stmt"/>
      <line num="434" count="14" type="stmt"/>
      <line num="435" count="14" type="stmt"/>
      <line num="436" count="14" type="stmt"/>
      <line num="437" count="14" type="stmt"/>
      <line num="438" count="14" type="stmt"/>
      <line num="439" count="14" type="stmt"/>
      <line num="440" count="14" type="stmt"/>
      <line num="441" count="14" type="stmt"/>
      <line num="442" count="14" type="stmt"/>
      <line num="444" count="14" type="cond" truecount="2" falsecount="0"/>
      <line num="446" count="14" type="cond" truecount="2" falsecount="0"/>
      <line num="447" count="1" type="stmt"/>
      <line num="454" count="14" type="cond" truecount="2" falsecount="0"/>
      <line num="455" count="13" type="stmt"/>
      <line num="460" count="13" type="stmt"/>
      <line num="467" count="14" type="cond" truecount="4" falsecount="0"/>
      <line num="468" count="7" type="stmt"/>
      <line num="473" count="7" type="stmt"/>
      <line num="483" count="7" type="stmt"/>
      <line num="493" count="7" type="stmt"/>
      <line num="501" count="14" type="stmt"/>
      <line num="502" count="14" type="stmt"/>
      <line num="503" count="14" type="cond" truecount="4" falsecount="0"/>
      <line num="504" count="2" type="stmt"/>
      <line num="516" count="14" type="stmt"/>
      <line num="517" count="14" type="cond" truecount="1" falsecount="1"/>
      <line num="518" count="0" type="stmt"/>
      <line num="525" count="14" type="cond" truecount="3" falsecount="1"/>
      <line num="526" count="0" type="stmt"/>
      <line num="531" count="0" type="stmt"/>
      <line num="538" count="14" type="cond" truecount="2" falsecount="0"/>
      <line num="539" count="4" type="stmt"/>
      <line num="549" count="4" type="stmt"/>
      <line num="556" count="14" type="cond" truecount="4" falsecount="0"/>
      <line num="557" count="2" type="stmt"/>
      <line num="562" count="2" type="stmt"/>
      <line num="572" count="2" type="stmt"/>
      <line num="579" count="14" type="cond" truecount="2" falsecount="0"/>
      <line num="580" count="4" type="stmt"/>
      <line num="585" count="4" type="stmt"/>
      <line num="595" count="4" type="stmt"/>
      <line num="605" count="4" type="stmt"/>
      <line num="615" count="4" type="stmt"/>
      <line num="622" count="14" type="cond" truecount="4" falsecount="0"/>
      <line num="623" count="3" type="stmt"/>
      <line num="635" count="14" type="cond" truecount="4" falsecount="0"/>
      <line num="636" count="2" type="stmt"/>
      <line num="643" count="14" type="cond" truecount="4" falsecount="0"/>
      <line num="644" count="1" type="stmt"/>
      <line num="651" count="14" type="cond" truecount="2" falsecount="0"/>
      <line num="652" count="3" type="stmt"/>
      <line num="659" count="14" type="cond" truecount="2" falsecount="0"/>
      <line num="660" count="2" type="stmt"/>
      <line num="667" count="14" type="cond" truecount="2" falsecount="0"/>
      <line num="668" count="1" type="stmt"/>
      <line num="675" count="14" type="stmt"/>
      <line num="676" count="14" type="stmt"/>
      <line num="677" count="14" type="stmt"/>
      <line num="679" count="14" type="stmt"/>
    </file>
  </project>
</coverage>
