{"/home/dennisvanwestbroek/psf/src/lib/cron-auth.ts": {"path":"/home/dennisvanwestbroek/psf/src/lib/cron-auth.ts","statementMap":{"0":{"start":{"line":9,"column":2},"end":{"line":12,"column":null}},"1":{"start":{"line":17,"column":20},"end":{"line":17,"column":56}},"2":{"start":{"line":18,"column":2},"end":{"line":18,"column":null}},"3":{"start":{"line":18,"column":18},"end":{"line":18,"column":null}},"4":{"start":{"line":19,"column":2},"end":{"line":19,"column":null}},"5":{"start":{"line":19,"column":11},"end":{"line":19,"column":null}},"6":{"start":{"line":20,"column":18},"end":{"line":20,"column":59}},"7":{"start":{"line":20,"column":50},"end":{"line":20,"column":58}},"8":{"start":{"line":21,"column":2},"end":{"line":21,"column":null}},"9":{"start":{"line":25,"column":21},"end":{"line":25,"column":57}},"10":{"start":{"line":26,"column":2},"end":{"line":26,"column":null}},"11":{"start":{"line":26,"column":19},"end":{"line":26,"column":null}},"12":{"start":{"line":27,"column":18},"end":{"line":27,"column":35}},"13":{"start":{"line":28,"column":16},"end":{"line":30,"column":null}},"14":{"start":{"line":31,"column":2},"end":{"line":31,"column":null}},"15":{"start":{"line":35,"column":20},"end":{"line":35,"column":59}},"16":{"start":{"line":36,"column":20},"end":{"line":36,"column":59}},"17":{"start":{"line":37,"column":2},"end":{"line":37,"column":null}},"18":{"start":{"line":37,"column":32},"end":{"line":37,"column":null}},"19":{"start":{"line":39,"column":22},"end":{"line":39,"column":45}},"20":{"start":{"line":40,"column":2},"end":{"line":40,"column":null}},"21":{"start":{"line":40,"column":26},"end":{"line":40,"column":null}},"22":{"start":{"line":42,"column":22},"end":{"line":42,"column":null}},"23":{"start":{"line":43,"column":2},"end":{"line":43,"column":null}},"24":{"start":{"line":43,"column":56},"end":{"line":43,"column":null}},"25":{"start":{"line":45,"column":8},"end":{"line":47,"column":18}},"26":{"start":{"line":49,"column":20},"end":{"line":49,"column":49}},"27":{"start":{"line":50,"column":25},"end":{"line":50,"column":53}},"28":{"start":{"line":51,"column":2},"end":{"line":51,"column":null}},"29":{"start":{"line":51,"column":50},"end":{"line":51,"column":null}},"30":{"start":{"line":53,"column":2},"end":{"line":53,"column":null}},"31":{"start":{"line":64,"column":17},"end":{"line":64,"column":48}},"32":{"start":{"line":65,"column":2},"end":{"line":66,"column":null}},"33":{"start":{"line":66,"column":4},"end":{"line":66,"column":null}},"34":{"start":{"line":69,"column":19},"end":{"line":69,"column":39}},"35":{"start":{"line":70,"column":2},"end":{"line":71,"column":null}},"36":{"start":{"line":71,"column":4},"end":{"line":71,"column":null}},"37":{"start":{"line":74,"column":18},"end":{"line":74,"column":57}},"38":{"start":{"line":75,"column":2},"end":{"line":79,"column":null}},"39":{"start":{"line":76,"column":4},"end":{"line":77,"column":null}},"40":{"start":{"line":77,"column":6},"end":{"line":77,"column":null}},"41":{"start":{"line":79,"column":4},"end":{"line":79,"column":null}},"42":{"start":{"line":82,"column":2},"end":{"line":83,"column":null}},"43":{"start":{"line":83,"column":4},"end":{"line":83,"column":null}},"44":{"start":{"line":86,"column":2},"end":{"line":86,"column":null}}},"fnMap":{"0":{"name":"getClientIp","decl":{"start":{"line":8,"column":9},"end":{"line":8,"column":21}},"loc":{"start":{"line":8,"column":54},"end":{"line":12,"column":null}},"line":8},"1":{"name":"isIpAllowed","decl":{"start":{"line":16,"column":9},"end":{"line":16,"column":21}},"loc":{"start":{"line":16,"column":49},"end":{"line":21,"column":null}},"line":16},"2":{"name":"(anonymous_2)","decl":{"start":{"line":20,"column":39},"end":{"line":20,"column":44}},"loc":{"start":{"line":20,"column":50},"end":{"line":20,"column":58}},"line":20},"3":{"name":"verifyBearerToken","decl":{"start":{"line":24,"column":9},"end":{"line":24,"column":27}},"loc":{"start":{"line":24,"column":70},"end":{"line":31,"column":null}},"line":24},"4":{"name":"verifyHmacSignature","decl":{"start":{"line":34,"column":9},"end":{"line":34,"column":29}},"loc":{"start":{"line":34,"column":72},"end":{"line":53,"column":null}},"line":34},"5":{"name":"verifyCronRequest","decl":{"start":{"line":63,"column":16},"end":{"line":63,"column":34}},"loc":{"start":{"line":63,"column":68},"end":{"line":86,"column":null}},"line":63}},"branchMap":{"0":{"loc":{"start":{"line":10,"column":4},"end":{"line":12,"column":null}},"type":"binary-expr","locations":[{"start":{"line":10,"column":4},"end":{"line":10,"column":65}},{"start":{"line":11,"column":4},"end":{"line":11,"column":36}},{"start":{"line":12,"column":4},"end":{"line":12,"column":null}}],"line":10},"1":{"loc":{"start":{"line":18,"column":2},"end":{"line":18,"column":null}},"type":"if","locations":[{"start":{"line":18,"column":2},"end":{"line":18,"column":null}},{"start":{},"end":{}}],"line":18},"2":{"loc":{"start":{"line":19,"column":2},"end":{"line":19,"column":null}},"type":"if","locations":[{"start":{"line":19,"column":2},"end":{"line":19,"column":null}},{"start":{},"end":{}}],"line":19},"3":{"loc":{"start":{"line":26,"column":2},"end":{"line":26,"column":null}},"type":"if","locations":[{"start":{"line":26,"column":2},"end":{"line":26,"column":null}},{"start":{},"end":{}}],"line":26},"4":{"loc":{"start":{"line":28,"column":16},"end":{"line":30,"column":null}},"type":"cond-expr","locations":[{"start":{"line":29,"column":6},"end":{"line":29,"column":29}},{"start":{"line":30,"column":6},"end":{"line":30,"column":null}}],"line":28},"5":{"loc":{"start":{"line":37,"column":2},"end":{"line":37,"column":null}},"type":"if","locations":[{"start":{"line":37,"column":2},"end":{"line":37,"column":null}},{"start":{},"end":{}}],"line":37},"6":{"loc":{"start":{"line":37,"column":6},"end":{"line":37,"column":32}},"type":"binary-expr","locations":[{"start":{"line":37,"column":6},"end":{"line":37,"column":20}},{"start":{"line":37,"column":20},"end":{"line":37,"column":32}}],"line":37},"7":{"loc":{"start":{"line":40,"column":2},"end":{"line":40,"column":null}},"type":"if","locations":[{"start":{"line":40,"column":2},"end":{"line":40,"column":null}},{"start":{},"end":{}}],"line":40},"8":{"loc":{"start":{"line":43,"column":2},"end":{"line":43,"column":null}},"type":"if","locations":[{"start":{"line":43,"column":2},"end":{"line":43,"column":null}},{"start":{},"end":{}}],"line":43},"9":{"loc":{"start":{"line":51,"column":2},"end":{"line":51,"column":null}},"type":"if","locations":[{"start":{"line":51,"column":2},"end":{"line":51,"column":null}},{"start":{},"end":{}}],"line":51},"10":{"loc":{"start":{"line":65,"column":2},"end":{"line":66,"column":null}},"type":"if","locations":[{"start":{"line":65,"column":2},"end":{"line":66,"column":null}},{"start":{},"end":{}}],"line":65},"11":{"loc":{"start":{"line":70,"column":2},"end":{"line":71,"column":null}},"type":"if","locations":[{"start":{"line":70,"column":2},"end":{"line":71,"column":null}},{"start":{},"end":{}}],"line":70},"12":{"loc":{"start":{"line":75,"column":2},"end":{"line":79,"column":null}},"type":"if","locations":[{"start":{"line":75,"column":2},"end":{"line":79,"column":null}},{"start":{},"end":{}}],"line":75},"13":{"loc":{"start":{"line":76,"column":4},"end":{"line":77,"column":null}},"type":"if","locations":[{"start":{"line":76,"column":4},"end":{"line":77,"column":null}},{"start":{},"end":{}}],"line":76},"14":{"loc":{"start":{"line":82,"column":2},"end":{"line":83,"column":null}},"type":"if","locations":[{"start":{"line":82,"column":2},"end":{"line":83,"column":null}},{"start":{},"end":{}}],"line":82}},"s":{"0":9,"1":9,"2":9,"3":7,"4":2,"5":2,"6":2,"7":4,"8":2,"9":5,"10":5,"11":1,"12":4,"13":4,"14":5,"15":3,"16":3,"17":3,"18":0,"19":3,"20":3,"21":0,"22":3,"23":3,"24":1,"25":2,"26":2,"27":2,"28":2,"29":0,"30":2,"31":10,"32":10,"33":1,"34":9,"35":9,"36":1,"37":8,"38":8,"39":3,"40":1,"41":2,"42":5,"43":3,"44":2},"f":{"0":9,"1":9,"2":4,"3":5,"4":3,"5":10},"b":{"0":[9,7,7],"1":[7,2],"2":[0,2],"3":[1,4],"4":[4,0],"5":[0,3],"6":[3,3],"7":[0,3],"8":[1,2],"9":[0,2],"10":[1,9],"11":[1,8],"12":[3,5],"13":[1,2],"14":[3,2]},"meta":{"lastBranch":15,"lastFunction":6,"lastStatement":45,"seen":{"f:8:9:8:21":0,"s:9:2:12:Infinity":0,"b:10:4:10:65:11:4:11:36:12:4:12:Infinity":0,"f:16:9:16:21":1,"s:17:20:17:56":1,"b:18:2:18:Infinity:undefined:undefined:undefined:undefined":1,"s:18:2:18:Infinity":2,"s:18:18:18:Infinity":3,"b:19:2:19:Infinity:undefined:undefined:undefined:undefined":2,"s:19:2:19:Infinity":4,"s:19:11:19:Infinity":5,"s:20:18:20:59":6,"f:20:39:20:44":2,"s:20:50:20:58":7,"s:21:2:21:Infinity":8,"f:24:9:24:27":3,"s:25:21:25:57":9,"b:26:2:26:Infinity:undefined:undefined:undefined:undefined":3,"s:26:2:26:Infinity":10,"s:26:19:26:Infinity":11,"s:27:18:27:35":12,"s:28:16:30:Infinity":13,"b:29:6:29:29:30:6:30:Infinity":4,"s:31:2:31:Infinity":14,"f:34:9:34:29":4,"s:35:20:35:59":15,"s:36:20:36:59":16,"b:37:2:37:Infinity:undefined:undefined:undefined:undefined":5,"s:37:2:37:Infinity":17,"b:37:6:37:20:37:20:37:32":6,"s:37:32:37:Infinity":18,"s:39:22:39:45":19,"b:40:2:40:Infinity:undefined:undefined:undefined:undefined":7,"s:40:2:40:Infinity":20,"s:40:26:40:Infinity":21,"s:42:22:42:Infinity":22,"b:43:2:43:Infinity:undefined:undefined:undefined:undefined":8,"s:43:2:43:Infinity":23,"s:43:56:43:Infinity":24,"s:45:8:47:18":25,"s:49:20:49:49":26,"s:50:25:50:53":27,"b:51:2:51:Infinity:undefined:undefined:undefined:undefined":9,"s:51:2:51:Infinity":28,"s:51:50:51:Infinity":29,"s:53:2:53:Infinity":30,"f:63:16:63:34":5,"s:64:17:64:48":31,"b:65:2:66:Infinity:undefined:undefined:undefined:undefined":10,"s:65:2:66:Infinity":32,"s:66:4:66:Infinity":33,"s:69:19:69:39":34,"b:70:2:71:Infinity:undefined:undefined:undefined:undefined":11,"s:70:2:71:Infinity":35,"s:71:4:71:Infinity":36,"s:74:18:74:57":37,"b:75:2:79:Infinity:undefined:undefined:undefined:undefined":12,"s:75:2:79:Infinity":38,"b:76:4:77:Infinity:undefined:undefined:undefined:undefined":13,"s:76:4:77:Infinity":39,"s:77:6:77:Infinity":40,"s:79:4:79:Infinity":41,"b:82:2:83:Infinity:undefined:undefined:undefined:undefined":14,"s:82:2:83:Infinity":42,"s:83:4:83:Infinity":43,"s:86:2:86:Infinity":44}}}
,"/home/dennisvanwestbroek/psf/src/lib/intake-engine.ts": {"path":"/home/dennisvanwestbroek/psf/src/lib/intake-engine.ts","statementMap":{"0":{"start":{"line":78,"column":12},"end":{"line":78,"column":31}},"1":{"start":{"line":79,"column":26},"end":{"line":79,"column":56}},"2":{"start":{"line":80,"column":25},"end":{"line":80,"column":55}},"3":{"start":{"line":81,"column":17},"end":{"line":81,"column":42}},"4":{"start":{"line":82,"column":14},"end":{"line":82,"column":44}},"5":{"start":{"line":83,"column":18},"end":{"line":83,"column":48}},"6":{"start":{"line":84,"column":29},"end":{"line":84,"column":null}},"7":{"start":{"line":85,"column":26},"end":{"line":85,"column":null}},"8":{"start":{"line":87,"column":5},"end":{"line":89,"column":null}},"9":{"start":{"line":90,"column":23},"end":{"line":90,"column":53}},"10":{"start":{"line":91,"column":28},"end":{"line":91,"column":null}},"11":{"start":{"line":92,"column":2},"end":{"line":99,"column":null}},"12":{"start":{"line":102,"column":53},"end":{"line":109,"column":null}},"13":{"start":{"line":111,"column":59},"end":{"line":118,"column":null}},"14":{"start":{"line":122,"column":78},"end":{"line":127,"column":null}},"15":{"start":{"line":133,"column":2},"end":{"line":136,"column":null}},"16":{"start":{"line":133,"column":15},"end":{"line":133,"column":27}},"17":{"start":{"line":134,"column":18},"end":{"line":134,"column":null}},"18":{"start":{"line":135,"column":4},"end":{"line":136,"column":null}},"19":{"start":{"line":136,"column":6},"end":{"line":136,"column":null}},"20":{"start":{"line":139,"column":2},"end":{"line":139,"column":null}},"21":{"start":{"line":142,"column":60},"end":{"line":163,"column":null}},"22":{"start":{"line":166,"column":16},"end":{"line":166,"column":null}},"23":{"start":{"line":167,"column":2},"end":{"line":167,"column":null}},"24":{"start":{"line":171,"column":2},"end":{"line":171,"column":null}},"25":{"start":{"line":175,"column":23},"end":{"line":175,"column":51}},"26":{"start":{"line":176,"column":23},"end":{"line":176,"column":53}},"27":{"start":{"line":177,"column":27},"end":{"line":177,"column":57}},"28":{"start":{"line":178,"column":26},"end":{"line":178,"column":56}},"29":{"start":{"line":179,"column":25},"end":{"line":179,"column":55}},"30":{"start":{"line":180,"column":27},"end":{"line":180,"column":57}},"31":{"start":{"line":181,"column":28},"end":{"line":181,"column":58}},"32":{"start":{"line":182,"column":24},"end":{"line":182,"column":54}},"33":{"start":{"line":183,"column":27},"end":{"line":183,"column":56}},"34":{"start":{"line":185,"column":2},"end":{"line":194,"column":null}},"35":{"start":{"line":202,"column":2},"end":{"line":206,"column":null}},"36":{"start":{"line":202,"column":41},"end":{"line":206,"column":5}},"37":{"start":{"line":206,"column":28},"end":{"line":206,"column":53}},"38":{"start":{"line":211,"column":2},"end":{"line":212,"column":null}},"39":{"start":{"line":212,"column":4},"end":{"line":212,"column":null}},"40":{"start":{"line":215,"column":2},"end":{"line":215,"column":null}},"41":{"start":{"line":223,"column":2},"end":{"line":223,"column":null}},"42":{"start":{"line":231,"column":2},"end":{"line":231,"column":null}},"43":{"start":{"line":235,"column":15},"end":{"line":235,"column":32}},"44":{"start":{"line":237,"column":2},"end":{"line":248,"column":null}},"45":{"start":{"line":238,"column":27},"end":{"line":238,"column":58}},"46":{"start":{"line":239,"column":19},"end":{"line":239,"column":30}},"47":{"start":{"line":241,"column":6},"end":{"line":242,"column":null}},"48":{"start":{"line":242,"column":8},"end":{"line":242,"column":null}},"49":{"start":{"line":245,"column":6},"end":{"line":245,"column":null}},"50":{"start":{"line":246,"column":6},"end":{"line":246,"column":null}},"51":{"start":{"line":254,"column":15},"end":{"line":254,"column":32}},"52":{"start":{"line":256,"column":2},"end":{"line":267,"column":null}},"53":{"start":{"line":257,"column":27},"end":{"line":257,"column":58}},"54":{"start":{"line":258,"column":19},"end":{"line":258,"column":30}},"55":{"start":{"line":260,"column":6},"end":{"line":261,"column":null}},"56":{"start":{"line":261,"column":8},"end":{"line":261,"column":null}},"57":{"start":{"line":264,"column":6},"end":{"line":264,"column":null}},"58":{"start":{"line":265,"column":6},"end":{"line":265,"column":null}},"59":{"start":{"line":273,"column":2},"end":{"line":300,"column":null}},"60":{"start":{"line":304,"column":17},"end":{"line":304,"column":38}},"61":{"start":{"line":305,"column":18},"end":{"line":305,"column":null}},"62":{"start":{"line":305,"column":43},"end":{"line":305,"column":54}},"63":{"start":{"line":306,"column":18},"end":{"line":306,"column":null}},"64":{"start":{"line":306,"column":43},"end":{"line":306,"column":54}},"65":{"start":{"line":307,"column":18},"end":{"line":307,"column":null}},"66":{"start":{"line":307,"column":43},"end":{"line":307,"column":54}},"67":{"start":{"line":309,"column":2},"end":{"line":310,"column":null}},"68":{"start":{"line":310,"column":4},"end":{"line":310,"column":null}},"69":{"start":{"line":313,"column":2},"end":{"line":314,"column":null}},"70":{"start":{"line":314,"column":4},"end":{"line":314,"column":null}},"71":{"start":{"line":317,"column":2},"end":{"line":318,"column":null}},"72":{"start":{"line":317,"column":30},"end":{"line":317,"column":41}},"73":{"start":{"line":318,"column":4},"end":{"line":318,"column":null}},"74":{"start":{"line":321,"column":2},"end":{"line":322,"column":null}},"75":{"start":{"line":321,"column":30},"end":{"line":321,"column":41}},"76":{"start":{"line":322,"column":4},"end":{"line":322,"column":null}},"77":{"start":{"line":325,"column":2},"end":{"line":325,"column":null}},"78":{"start":{"line":329,"column":2},"end":{"line":334,"column":null}},"79":{"start":{"line":330,"column":4},"end":{"line":334,"column":null}},"80":{"start":{"line":336,"column":2},"end":{"line":341,"column":null}},"81":{"start":{"line":337,"column":4},"end":{"line":341,"column":null}},"82":{"start":{"line":344,"column":2},"end":{"line":362,"column":null}},"83":{"start":{"line":345,"column":22},"end":{"line":345,"column":null}},"84":{"start":{"line":346,"column":24},"end":{"line":346,"column":null}},"85":{"start":{"line":348,"column":4},"end":{"line":354,"column":null}},"86":{"start":{"line":349,"column":6},"end":{"line":350,"column":null}},"87":{"start":{"line":351,"column":11},"end":{"line":354,"column":null}},"88":{"start":{"line":352,"column":6},"end":{"line":352,"column":null}},"89":{"start":{"line":354,"column":6},"end":{"line":354,"column":null}},"90":{"start":{"line":357,"column":6},"end":{"line":357,"column":null}},"91":{"start":{"line":358,"column":4},"end":{"line":362,"column":null}},"92":{"start":{"line":365,"column":17},"end":{"line":365,"column":41}},"93":{"start":{"line":366,"column":18},"end":{"line":366,"column":null}},"94":{"start":{"line":368,"column":2},"end":{"line":373,"column":null}},"95":{"start":{"line":369,"column":4},"end":{"line":373,"column":null}},"96":{"start":{"line":376,"column":2},"end":{"line":381,"column":null}},"97":{"start":{"line":377,"column":4},"end":{"line":381,"column":null}},"98":{"start":{"line":384,"column":2},"end":{"line":397,"column":null}},"99":{"start":{"line":385,"column":21},"end":{"line":385,"column":63}},"100":{"start":{"line":386,"column":4},"end":{"line":391,"column":null}},"101":{"start":{"line":387,"column":6},"end":{"line":391,"column":null}},"102":{"start":{"line":393,"column":4},"end":{"line":397,"column":null}},"103":{"start":{"line":400,"column":2},"end":{"line":419,"column":null}},"104":{"start":{"line":401,"column":4},"end":{"line":413,"column":null}},"105":{"start":{"line":401,"column":17},"end":{"line":401,"column":20}},"106":{"start":{"line":402,"column":20},"end":{"line":402,"column":null}},"107":{"start":{"line":403,"column":6},"end":{"line":404,"column":null}},"108":{"start":{"line":404,"column":8},"end":{"line":404,"column":null}},"109":{"start":{"line":406,"column":6},"end":{"line":407,"column":null}},"110":{"start":{"line":407,"column":8},"end":{"line":407,"column":null}},"111":{"start":{"line":409,"column":6},"end":{"line":413,"column":null}},"112":{"start":{"line":415,"column":4},"end":{"line":419,"column":null}},"113":{"start":{"line":422,"column":2},"end":{"line":426,"column":null}},"114":{"start":{"line":434,"column":42},"end":{"line":434,"column":44}},"115":{"start":{"line":435,"column":54},"end":{"line":435,"column":56}},"116":{"start":{"line":436,"column":41},"end":{"line":436,"column":43}},"117":{"start":{"line":437,"column":27},"end":{"line":437,"column":44}},"118":{"start":{"line":438,"column":24},"end":{"line":438,"column":54}},"119":{"start":{"line":439,"column":18},"end":{"line":439,"column":37}},"120":{"start":{"line":440,"column":28},"end":{"line":440,"column":58}},"121":{"start":{"line":441,"column":27},"end":{"line":441,"column":57}},"122":{"start":{"line":442,"column":24},"end":{"line":442,"column":null}},"123":{"start":{"line":444,"column":4},"end":{"line":444,"column":null}},"124":{"start":{"line":446,"column":2},"end":{"line":451,"column":null}},"125":{"start":{"line":447,"column":4},"end":{"line":451,"column":null}},"126":{"start":{"line":454,"column":2},"end":{"line":464,"column":null}},"127":{"start":{"line":455,"column":4},"end":{"line":459,"column":null}},"128":{"start":{"line":460,"column":4},"end":{"line":464,"column":null}},"129":{"start":{"line":467,"column":2},"end":{"line":497,"column":null}},"130":{"start":{"line":468,"column":4},"end":{"line":472,"column":null}},"131":{"start":{"line":473,"column":4},"end":{"line":482,"column":null}},"132":{"start":{"line":483,"column":4},"end":{"line":492,"column":null}},"133":{"start":{"line":493,"column":4},"end":{"line":497,"column":null}},"134":{"start":{"line":501,"column":18},"end":{"line":501,"column":48}},"135":{"start":{"line":502,"column":18},"end":{"line":502,"column":48}},"136":{"start":{"line":503,"column":2},"end":{"line":513,"column":null}},"137":{"start":{"line":504,"column":4},"end":{"line":513,"column":null}},"138":{"start":{"line":516,"column":24},"end":{"line":516,"column":54}},"139":{"start":{"line":517,"column":2},"end":{"line":522,"column":null}},"140":{"start":{"line":518,"column":4},"end":{"line":522,"column":null}},"141":{"start":{"line":525,"column":2},"end":{"line":535,"column":null}},"142":{"start":{"line":526,"column":4},"end":{"line":530,"column":null}},"143":{"start":{"line":531,"column":4},"end":{"line":535,"column":null}},"144":{"start":{"line":538,"column":2},"end":{"line":553,"column":null}},"145":{"start":{"line":539,"column":4},"end":{"line":548,"column":null}},"146":{"start":{"line":549,"column":4},"end":{"line":553,"column":null}},"147":{"start":{"line":556,"column":2},"end":{"line":576,"column":null}},"148":{"start":{"line":557,"column":4},"end":{"line":561,"column":null}},"149":{"start":{"line":562,"column":4},"end":{"line":571,"column":null}},"150":{"start":{"line":572,"column":4},"end":{"line":576,"column":null}},"151":{"start":{"line":579,"column":2},"end":{"line":619,"column":null}},"152":{"start":{"line":580,"column":4},"end":{"line":584,"column":null}},"153":{"start":{"line":585,"column":4},"end":{"line":594,"column":null}},"154":{"start":{"line":595,"column":4},"end":{"line":604,"column":null}},"155":{"start":{"line":605,"column":4},"end":{"line":614,"column":null}},"156":{"start":{"line":615,"column":4},"end":{"line":619,"column":null}},"157":{"start":{"line":622,"column":2},"end":{"line":632,"column":null}},"158":{"start":{"line":623,"column":4},"end":{"line":632,"column":null}},"159":{"start":{"line":635,"column":2},"end":{"line":640,"column":null}},"160":{"start":{"line":636,"column":4},"end":{"line":640,"column":null}},"161":{"start":{"line":643,"column":2},"end":{"line":648,"column":null}},"162":{"start":{"line":644,"column":4},"end":{"line":648,"column":null}},"163":{"start":{"line":651,"column":2},"end":{"line":656,"column":null}},"164":{"start":{"line":652,"column":4},"end":{"line":656,"column":null}},"165":{"start":{"line":659,"column":2},"end":{"line":664,"column":null}},"166":{"start":{"line":660,"column":4},"end":{"line":664,"column":null}},"167":{"start":{"line":667,"column":2},"end":{"line":672,"column":null}},"168":{"start":{"line":668,"column":4},"end":{"line":672,"column":null}},"169":{"start":{"line":675,"column":23},"end":{"line":675,"column":48}},"170":{"start":{"line":676,"column":25},"end":{"line":676,"column":58}},"171":{"start":{"line":677,"column":22},"end":{"line":677,"column":46}},"172":{"start":{"line":679,"column":2},"end":{"line":689,"column":null}}},"fnMap":{"0":{"name":"getDeficiencySignals","decl":{"start":{"line":75,"column":16},"end":{"line":75,"column":null}},"loc":{"start":{"line":77,"column":21},"end":{"line":99,"column":null}},"line":77},"1":{"name":"firstNonNutritionRecoveryDomain","decl":{"start":{"line":129,"column":9},"end":{"line":129,"column":null}},"loc":{"start":{"line":132,"column":39},"end":{"line":139,"column":null}},"line":132},"2":{"name":"getAnswer","decl":{"start":{"line":165,"column":9},"end":{"line":165,"column":19}},"loc":{"start":{"line":165,"column":76},"end":{"line":167,"column":null}},"line":165},"3":{"name":"normalizeScore","decl":{"start":{"line":170,"column":9},"end":{"line":170,"column":24}},"loc":{"start":{"line":170,"column":60},"end":{"line":171,"column":null}},"line":170},"4":{"name":"getSignals","decl":{"start":{"line":174,"column":9},"end":{"line":174,"column":20}},"loc":{"start":{"line":174,"column":65},"end":{"line":194,"column":null}},"line":174},"5":{"name":"getSortedDomains","decl":{"start":{"line":197,"column":16},"end":{"line":197,"column":33}},"loc":{"start":{"line":201,"column":3},"end":{"line":206,"column":null}},"line":201},"6":{"name":"(anonymous_6)","decl":{"start":{"line":202,"column":27},"end":{"line":202,"column":32}},"loc":{"start":{"line":202,"column":41},"end":{"line":206,"column":5}},"line":202},"7":{"name":"(anonymous_7)","decl":{"start":{"line":206,"column":6},"end":{"line":206,"column":12}},"loc":{"start":{"line":206,"column":28},"end":{"line":206,"column":53}},"line":206},"8":{"name":"getAdvicePrimaryDomain","decl":{"start":{"line":210,"column":16},"end":{"line":210,"column":39}},"loc":{"start":{"line":210,"column":71},"end":{"line":215,"column":null}},"line":210},"9":{"name":"pushRankedText","decl":{"start":{"line":218,"column":9},"end":{"line":218,"column":null}},"loc":{"start":{"line":222,"column":8},"end":{"line":223,"column":null}},"line":222},"10":{"name":"pushRankedSupplement","decl":{"start":{"line":226,"column":9},"end":{"line":226,"column":null}},"loc":{"start":{"line":230,"column":8},"end":{"line":231,"column":null}},"line":230},"11":{"name":"uniqueTopTexts","decl":{"start":{"line":234,"column":9},"end":{"line":234,"column":24}},"loc":{"start":{"line":234,"column":63},"end":{"line":248,"column":null}},"line":234},"12":{"name":"(anonymous_12)","decl":{"start":{"line":238,"column":5},"end":{"line":238,"column":11}},"loc":{"start":{"line":238,"column":27},"end":{"line":238,"column":58}},"line":238},"13":{"name":"(anonymous_13)","decl":{"start":{"line":239,"column":5},"end":{"line":239,"column":10}},"loc":{"start":{"line":239,"column":19},"end":{"line":239,"column":30}},"line":239},"14":{"name":"(anonymous_14)","decl":{"start":{"line":240,"column":5},"end":{"line":240,"column":13}},"loc":{"start":{"line":240,"column":23},"end":{"line":247,"column":null}},"line":240},"15":{"name":"uniqueTopSupplements","decl":{"start":{"line":251,"column":9},"end":{"line":251,"column":null}},"loc":{"start":{"line":253,"column":22},"end":{"line":267,"column":null}},"line":253},"16":{"name":"(anonymous_16)","decl":{"start":{"line":257,"column":5},"end":{"line":257,"column":11}},"loc":{"start":{"line":257,"column":27},"end":{"line":257,"column":58}},"line":257},"17":{"name":"(anonymous_17)","decl":{"start":{"line":258,"column":5},"end":{"line":258,"column":10}},"loc":{"start":{"line":258,"column":19},"end":{"line":258,"column":30}},"line":258},"18":{"name":"(anonymous_18)","decl":{"start":{"line":259,"column":5},"end":{"line":259,"column":13}},"loc":{"start":{"line":259,"column":23},"end":{"line":266,"column":null}},"line":259},"19":{"name":"calcDomainScores","decl":{"start":{"line":270,"column":16},"end":{"line":270,"column":null}},"loc":{"start":{"line":272,"column":16},"end":{"line":300,"column":null}},"line":272},"20":{"name":"getUrgency","decl":{"start":{"line":303,"column":16},"end":{"line":303,"column":27}},"loc":{"start":{"line":303,"column":64},"end":{"line":325,"column":null}},"line":303},"21":{"name":"(anonymous_21)","decl":{"start":{"line":305,"column":25},"end":{"line":305,"column":33}},"loc":{"start":{"line":305,"column":43},"end":{"line":305,"column":54}},"line":305},"22":{"name":"(anonymous_22)","decl":{"start":{"line":306,"column":25},"end":{"line":306,"column":33}},"loc":{"start":{"line":306,"column":43},"end":{"line":306,"column":54}},"line":306},"23":{"name":"(anonymous_23)","decl":{"start":{"line":307,"column":25},"end":{"line":307,"column":33}},"loc":{"start":{"line":307,"column":43},"end":{"line":307,"column":54}},"line":307},"24":{"name":"(anonymous_24)","decl":{"start":{"line":317,"column":13},"end":{"line":317,"column":20}},"loc":{"start":{"line":317,"column":30},"end":{"line":317,"column":41}},"line":317},"25":{"name":"(anonymous_25)","decl":{"start":{"line":321,"column":13},"end":{"line":321,"column":20}},"loc":{"start":{"line":321,"column":30},"end":{"line":321,"column":41}},"line":321},"26":{"name":"getProfileLabel","decl":{"start":{"line":328,"column":16},"end":{"line":328,"column":32}},"loc":{"start":{"line":328,"column":68},"end":{"line":426,"column":null}},"line":328},"27":{"name":"getAdvice","decl":{"start":{"line":429,"column":16},"end":{"line":429,"column":null}},"loc":{"start":{"line":433,"column":16},"end":{"line":689,"column":null}},"line":433}},"branchMap":{"0":{"loc":{"start":{"line":84,"column":29},"end":{"line":84,"column":null}},"type":"binary-expr","locations":[{"start":{"line":84,"column":29},"end":{"line":84,"column":41}},{"start":{"line":84,"column":41},"end":{"line":84,"column":null}}],"line":84},"1":{"loc":{"start":{"line":87,"column":5},"end":{"line":89,"column":null}},"type":"binary-expr","locations":[{"start":{"line":87,"column":5},"end":{"line":87,"column":35}},{"start":{"line":87,"column":35},"end":{"line":87,"column":null}},{"start":{"line":88,"column":4},"end":{"line":88,"column":null}},{"start":{"line":89,"column":4},"end":{"line":89,"column":null}}],"line":87},"2":{"loc":{"start":{"line":91,"column":28},"end":{"line":91,"column":null}},"type":"binary-expr","locations":[{"start":{"line":91,"column":28},"end":{"line":91,"column":49}},{"start":{"line":91,"column":49},"end":{"line":91,"column":null}}],"line":91},"3":{"loc":{"start":{"line":96,"column":24},"end":{"line":96,"column":null}},"type":"binary-expr","locations":[{"start":{"line":96,"column":24},"end":{"line":96,"column":48}},{"start":{"line":96,"column":48},"end":{"line":96,"column":null}}],"line":96},"4":{"loc":{"start":{"line":135,"column":4},"end":{"line":136,"column":null}},"type":"if","locations":[{"start":{"line":135,"column":4},"end":{"line":136,"column":null}},{"start":{},"end":{}}],"line":135},"5":{"loc":{"start":{"line":135,"column":8},"end":{"line":135,"column":69}},"type":"binary-expr","locations":[{"start":{"line":135,"column":8},"end":{"line":135,"column":40}},{"start":{"line":135,"column":40},"end":{"line":135,"column":69}}],"line":135},"6":{"loc":{"start":{"line":167,"column":9},"end":{"line":167,"column":null}},"type":"cond-expr","locations":[{"start":{"line":167,"column":37},"end":{"line":167,"column":45}},{"start":{"line":167,"column":45},"end":{"line":167,"column":null}}],"line":167},"7":{"loc":{"start":{"line":187,"column":21},"end":{"line":187,"column":null}},"type":"binary-expr","locations":[{"start":{"line":187,"column":21},"end":{"line":187,"column":42}},{"start":{"line":187,"column":42},"end":{"line":187,"column":null}}],"line":187},"8":{"loc":{"start":{"line":189,"column":6},"end":{"line":191,"column":null}},"type":"binary-expr","locations":[{"start":{"line":189,"column":6},"end":{"line":189,"column":null}},{"start":{"line":190,"column":6},"end":{"line":190,"column":null}},{"start":{"line":191,"column":6},"end":{"line":191,"column":null}}],"line":189},"9":{"loc":{"start":{"line":192,"column":21},"end":{"line":192,"column":null}},"type":"binary-expr","locations":[{"start":{"line":192,"column":21},"end":{"line":192,"column":46}},{"start":{"line":192,"column":46},"end":{"line":192,"column":null}}],"line":192},"10":{"loc":{"start":{"line":193,"column":24},"end":{"line":193,"column":null}},"type":"binary-expr","locations":[{"start":{"line":193,"column":24},"end":{"line":193,"column":46}},{"start":{"line":193,"column":46},"end":{"line":193,"column":null}}],"line":193},"11":{"loc":{"start":{"line":211,"column":2},"end":{"line":212,"column":null}},"type":"if","locations":[{"start":{"line":211,"column":2},"end":{"line":212,"column":null}},{"start":{},"end":{}}],"line":211},"12":{"loc":{"start":{"line":241,"column":6},"end":{"line":242,"column":null}},"type":"if","locations":[{"start":{"line":241,"column":6},"end":{"line":242,"column":null}},{"start":{},"end":{}}],"line":241},"13":{"loc":{"start":{"line":260,"column":6},"end":{"line":261,"column":null}},"type":"if","locations":[{"start":{"line":260,"column":6},"end":{"line":261,"column":null}},{"start":{},"end":{}}],"line":260},"14":{"loc":{"start":{"line":309,"column":2},"end":{"line":310,"column":null}},"type":"if","locations":[{"start":{"line":309,"column":2},"end":{"line":310,"column":null}},{"start":{},"end":{}}],"line":309},"15":{"loc":{"start":{"line":313,"column":2},"end":{"line":314,"column":null}},"type":"if","locations":[{"start":{"line":313,"column":2},"end":{"line":314,"column":null}},{"start":{},"end":{}}],"line":313},"16":{"loc":{"start":{"line":313,"column":6},"end":{"line":313,"column":36}},"type":"binary-expr","locations":[{"start":{"line":313,"column":6},"end":{"line":313,"column":22}},{"start":{"line":313,"column":22},"end":{"line":313,"column":36}}],"line":313},"17":{"loc":{"start":{"line":317,"column":2},"end":{"line":318,"column":null}},"type":"if","locations":[{"start":{"line":317,"column":2},"end":{"line":318,"column":null}},{"start":{},"end":{}}],"line":317},"18":{"loc":{"start":{"line":321,"column":2},"end":{"line":322,"column":null}},"type":"if","locations":[{"start":{"line":321,"column":2},"end":{"line":322,"column":null}},{"start":{},"end":{}}],"line":321},"19":{"loc":{"start":{"line":321,"column":6},"end":{"line":321,"column":59}},"type":"binary-expr","locations":[{"start":{"line":321,"column":6},"end":{"line":321,"column":41}},{"start":{"line":321,"column":45},"end":{"line":321,"column":59}}],"line":321},"20":{"loc":{"start":{"line":329,"column":2},"end":{"line":334,"column":null}},"type":"if","locations":[{"start":{"line":329,"column":2},"end":{"line":334,"column":null}},{"start":{},"end":{}}],"line":329},"21":{"loc":{"start":{"line":336,"column":2},"end":{"line":341,"column":null}},"type":"if","locations":[{"start":{"line":336,"column":2},"end":{"line":341,"column":null}},{"start":{},"end":{}}],"line":336},"22":{"loc":{"start":{"line":344,"column":2},"end":{"line":362,"column":null}},"type":"if","locations":[{"start":{"line":344,"column":2},"end":{"line":362,"column":null}},{"start":{},"end":{}}],"line":344},"23":{"loc":{"start":{"line":344,"column":6},"end":{"line":344,"column":62}},"type":"binary-expr","locations":[{"start":{"line":344,"column":6},"end":{"line":344,"column":34}},{"start":{"line":344,"column":34},"end":{"line":344,"column":62}}],"line":344},"24":{"loc":{"start":{"line":348,"column":4},"end":{"line":354,"column":null}},"type":"if","locations":[{"start":{"line":348,"column":4},"end":{"line":354,"column":null}},{"start":{"line":351,"column":11},"end":{"line":354,"column":null}}],"line":348},"25":{"loc":{"start":{"line":348,"column":8},"end":{"line":348,"column":34}},"type":"binary-expr","locations":[{"start":{"line":348,"column":8},"end":{"line":348,"column":21}},{"start":{"line":348,"column":21},"end":{"line":348,"column":34}}],"line":348},"26":{"loc":{"start":{"line":350,"column":8},"end":{"line":350,"column":null}},"type":"cond-expr","locations":[{"start":{"line":350,"column":55},"end":{"line":350,"column":66}},{"start":{"line":350,"column":66},"end":{"line":350,"column":null}}],"line":350},"27":{"loc":{"start":{"line":351,"column":11},"end":{"line":354,"column":null}},"type":"if","locations":[{"start":{"line":351,"column":11},"end":{"line":354,"column":null}},{"start":{"line":353,"column":11},"end":{"line":354,"column":null}}],"line":351},"28":{"loc":{"start":{"line":357,"column":6},"end":{"line":357,"column":null}},"type":"cond-expr","locations":[{"start":{"line":357,"column":28},"end":{"line":357,"column":50}},{"start":{"line":357,"column":50},"end":{"line":357,"column":null}}],"line":357},"29":{"loc":{"start":{"line":368,"column":2},"end":{"line":373,"column":null}},"type":"if","locations":[{"start":{"line":368,"column":2},"end":{"line":373,"column":null}},{"start":{},"end":{}}],"line":368},"30":{"loc":{"start":{"line":376,"column":2},"end":{"line":381,"column":null}},"type":"if","locations":[{"start":{"line":376,"column":2},"end":{"line":381,"column":null}},{"start":{},"end":{}}],"line":376},"31":{"loc":{"start":{"line":384,"column":2},"end":{"line":397,"column":null}},"type":"if","locations":[{"start":{"line":384,"column":2},"end":{"line":397,"column":null}},{"start":{},"end":{}}],"line":384},"32":{"loc":{"start":{"line":386,"column":4},"end":{"line":391,"column":null}},"type":"if","locations":[{"start":{"line":386,"column":4},"end":{"line":391,"column":null}},{"start":{},"end":{}}],"line":386},"33":{"loc":{"start":{"line":400,"column":2},"end":{"line":419,"column":null}},"type":"if","locations":[{"start":{"line":400,"column":2},"end":{"line":419,"column":null}},{"start":{},"end":{}}],"line":400},"34":{"loc":{"start":{"line":403,"column":6},"end":{"line":404,"column":null}},"type":"if","locations":[{"start":{"line":403,"column":6},"end":{"line":404,"column":null}},{"start":{},"end":{}}],"line":403},"35":{"loc":{"start":{"line":403,"column":10},"end":{"line":403,"column":71}},"type":"binary-expr","locations":[{"start":{"line":403,"column":10},"end":{"line":403,"column":42}},{"start":{"line":403,"column":42},"end":{"line":403,"column":71}}],"line":403},"36":{"loc":{"start":{"line":406,"column":6},"end":{"line":407,"column":null}},"type":"if","locations":[{"start":{"line":406,"column":6},"end":{"line":407,"column":null}},{"start":{},"end":{}}],"line":406},"37":{"loc":{"start":{"line":406,"column":10},"end":{"line":406,"column":66}},"type":"binary-expr","locations":[{"start":{"line":406,"column":10},"end":{"line":406,"column":39}},{"start":{"line":406,"column":39},"end":{"line":406,"column":66}}],"line":406},"38":{"loc":{"start":{"line":444,"column":4},"end":{"line":444,"column":null}},"type":"binary-expr","locations":[{"start":{"line":444,"column":4},"end":{"line":444,"column":44}},{"start":{"line":444,"column":44},"end":{"line":444,"column":null}}],"line":444},"39":{"loc":{"start":{"line":446,"column":2},"end":{"line":451,"column":null}},"type":"if","locations":[{"start":{"line":446,"column":2},"end":{"line":451,"column":null}},{"start":{},"end":{}}],"line":446},"40":{"loc":{"start":{"line":454,"column":2},"end":{"line":464,"column":null}},"type":"if","locations":[{"start":{"line":454,"column":2},"end":{"line":464,"column":null}},{"start":{},"end":{}}],"line":454},"41":{"loc":{"start":{"line":467,"column":2},"end":{"line":497,"column":null}},"type":"if","locations":[{"start":{"line":467,"column":2},"end":{"line":497,"column":null}},{"start":{},"end":{}}],"line":467},"42":{"loc":{"start":{"line":467,"column":6},"end":{"line":467,"column":59}},"type":"binary-expr","locations":[{"start":{"line":467,"column":6},"end":{"line":467,"column":33}},{"start":{"line":467,"column":33},"end":{"line":467,"column":59}}],"line":467},"43":{"loc":{"start":{"line":503,"column":2},"end":{"line":513,"column":null}},"type":"if","locations":[{"start":{"line":503,"column":2},"end":{"line":513,"column":null}},{"start":{},"end":{}}],"line":503},"44":{"loc":{"start":{"line":503,"column":6},"end":{"line":503,"column":36}},"type":"binary-expr","locations":[{"start":{"line":503,"column":6},"end":{"line":503,"column":22}},{"start":{"line":503,"column":22},"end":{"line":503,"column":36}}],"line":503},"45":{"loc":{"start":{"line":517,"column":2},"end":{"line":522,"column":null}},"type":"if","locations":[{"start":{"line":517,"column":2},"end":{"line":522,"column":null}},{"start":{},"end":{}}],"line":517},"46":{"loc":{"start":{"line":525,"column":2},"end":{"line":535,"column":null}},"type":"if","locations":[{"start":{"line":525,"column":2},"end":{"line":535,"column":null}},{"start":{},"end":{}}],"line":525},"47":{"loc":{"start":{"line":525,"column":6},"end":{"line":525,"column":63}},"type":"binary-expr","locations":[{"start":{"line":525,"column":6},"end":{"line":525,"column":34}},{"start":{"line":525,"column":34},"end":{"line":525,"column":63}}],"line":525},"48":{"loc":{"start":{"line":538,"column":2},"end":{"line":553,"column":null}},"type":"if","locations":[{"start":{"line":538,"column":2},"end":{"line":553,"column":null}},{"start":{},"end":{}}],"line":538},"49":{"loc":{"start":{"line":556,"column":2},"end":{"line":576,"column":null}},"type":"if","locations":[{"start":{"line":556,"column":2},"end":{"line":576,"column":null}},{"start":{},"end":{}}],"line":556},"50":{"loc":{"start":{"line":556,"column":6},"end":{"line":556,"column":55}},"type":"binary-expr","locations":[{"start":{"line":556,"column":6},"end":{"line":556,"column":32}},{"start":{"line":556,"column":32},"end":{"line":556,"column":55}}],"line":556},"51":{"loc":{"start":{"line":579,"column":2},"end":{"line":619,"column":null}},"type":"if","locations":[{"start":{"line":579,"column":2},"end":{"line":619,"column":null}},{"start":{},"end":{}}],"line":579},"52":{"loc":{"start":{"line":622,"column":2},"end":{"line":632,"column":null}},"type":"if","locations":[{"start":{"line":622,"column":2},"end":{"line":632,"column":null}},{"start":{},"end":{}}],"line":622},"53":{"loc":{"start":{"line":622,"column":6},"end":{"line":622,"column":56}},"type":"binary-expr","locations":[{"start":{"line":622,"column":6},"end":{"line":622,"column":33}},{"start":{"line":622,"column":33},"end":{"line":622,"column":56}}],"line":622},"54":{"loc":{"start":{"line":635,"column":2},"end":{"line":640,"column":null}},"type":"if","locations":[{"start":{"line":635,"column":2},"end":{"line":640,"column":null}},{"start":{},"end":{}}],"line":635},"55":{"loc":{"start":{"line":635,"column":6},"end":{"line":635,"column":62}},"type":"binary-expr","locations":[{"start":{"line":635,"column":6},"end":{"line":635,"column":36}},{"start":{"line":635,"column":36},"end":{"line":635,"column":62}}],"line":635},"56":{"loc":{"start":{"line":643,"column":2},"end":{"line":648,"column":null}},"type":"if","locations":[{"start":{"line":643,"column":2},"end":{"line":648,"column":null}},{"start":{},"end":{}}],"line":643},"57":{"loc":{"start":{"line":643,"column":6},"end":{"line":643,"column":61}},"type":"binary-expr","locations":[{"start":{"line":643,"column":6},"end":{"line":643,"column":33}},{"start":{"line":643,"column":33},"end":{"line":643,"column":61}}],"line":643},"58":{"loc":{"start":{"line":651,"column":2},"end":{"line":656,"column":null}},"type":"if","locations":[{"start":{"line":651,"column":2},"end":{"line":656,"column":null}},{"start":{},"end":{}}],"line":651},"59":{"loc":{"start":{"line":659,"column":2},"end":{"line":664,"column":null}},"type":"if","locations":[{"start":{"line":659,"column":2},"end":{"line":664,"column":null}},{"start":{},"end":{}}],"line":659},"60":{"loc":{"start":{"line":667,"column":2},"end":{"line":672,"column":null}},"type":"if","locations":[{"start":{"line":667,"column":2},"end":{"line":672,"column":null}},{"start":{},"end":{}}],"line":667},"61":{"loc":{"start":{"line":681,"column":6},"end":{"line":683,"column":71}},"type":"cond-expr","locations":[{"start":{"line":682,"column":10},"end":{"line":682,"column":null}},{"start":{"line":683,"column":10},"end":{"line":683,"column":71}}],"line":681},"62":{"loc":{"start":{"line":686,"column":6},"end":{"line":688,"column":null}},"type":"cond-expr","locations":[{"start":{"line":687,"column":10},"end":{"line":687,"column":null}},{"start":{"line":688,"column":10},"end":{"line":688,"column":null}}],"line":686}},"s":{"0":12,"1":12,"2":12,"3":12,"4":12,"5":12,"6":12,"7":12,"8":12,"9":12,"10":12,"11":12,"12":1,"13":1,"14":1,"15":1,"16":1,"17":1,"18":1,"19":1,"20":0,"21":1,"22":663,"23":663,"24":138,"25":26,"26":26,"27":26,"28":26,"29":26,"30":26,"31":26,"32":26,"33":26,"34":26,"35":40,"36":240,"37":311,"38":18,"39":11,"40":7,"41":66,"42":37,"43":28,"44":28,"45":63,"46":66,"47":66,"48":0,"49":66,"50":66,"51":14,"52":14,"53":50,"54":37,"55":37,"56":13,"57":24,"58":24,"59":23,"60":8,"61":8,"62":48,"63":8,"64":48,"65":8,"66":48,"67":8,"68":2,"69":6,"70":2,"71":4,"72":19,"73":3,"74":1,"75":6,"76":1,"77":0,"78":10,"79":2,"80":8,"81":1,"82":7,"83":4,"84":4,"85":4,"86":2,"87":2,"88":1,"89":1,"90":4,"91":4,"92":3,"93":3,"94":3,"95":1,"96":2,"97":1,"98":1,"99":1,"100":1,"101":1,"102":0,"103":0,"104":0,"105":0,"106":0,"107":0,"108":0,"109":0,"110":0,"111":0,"112":0,"113":0,"114":14,"115":14,"116":14,"117":14,"118":14,"119":14,"120":14,"121":14,"122":14,"123":14,"124":14,"125":1,"126":14,"127":13,"128":13,"129":14,"130":7,"131":7,"132":7,"133":7,"134":14,"135":14,"136":14,"137":2,"138":14,"139":14,"140":0,"141":14,"142":0,"143":0,"144":14,"145":4,"146":4,"147":14,"148":2,"149":2,"150":2,"151":14,"152":4,"153":4,"154":4,"155":4,"156":4,"157":14,"158":3,"159":14,"160":2,"161":14,"162":1,"163":14,"164":3,"165":14,"166":2,"167":14,"168":1,"169":14,"170":14,"171":14,"172":14},"f":{"0":12,"1":1,"2":663,"3":138,"4":26,"5":40,"6":240,"7":311,"8":18,"9":66,"10":37,"11":28,"12":63,"13":66,"14":66,"15":14,"16":50,"17":37,"18":37,"19":23,"20":8,"21":48,"22":48,"23":48,"24":19,"25":6,"26":10,"27":14},"b":{"0":[12,11],"1":[12,1,11,11],"2":[12,3],"3":[12,3],"4":[1,0],"5":[1,1],"6":[638,25],"7":[26,12],"8":[26,10,8],"9":[26,4],"10":[26,6],"11":[11,7],"12":[0,66],"13":[13,24],"14":[2,6],"15":[2,4],"16":[6,5],"17":[3,1],"18":[1,0],"19":[1,1],"20":[2,8],"21":[1,7],"22":[4,3],"23":[7,4],"24":[2,2],"25":[4,3],"26":[1,1],"27":[1,1],"28":[2,2],"29":[1,2],"30":[1,1],"31":[1,0],"32":[1,0],"33":[0,0],"34":[0,0],"35":[0,0],"36":[0,0],"37":[0,0],"38":[14,1],"39":[1,13],"40":[13,1],"41":[7,7],"42":[14,9],"43":[2,12],"44":[14,9],"45":[0,14],"46":[0,14],"47":[14,3],"48":[4,10],"49":[2,12],"50":[14,14],"51":[4,10],"52":[3,11],"53":[14,7],"54":[2,12],"55":[14,2],"56":[1,13],"57":[14,2],"58":[3,11],"59":[2,12],"60":[1,13],"61":[13,1],"62":[14,0]},"meta":{"lastBranch":63,"lastFunction":28,"lastStatement":173,"seen":{"f:75:16:75:Infinity":0,"s:78:12:78:31":0,"s:79:26:79:56":1,"s:80:25:80:55":2,"s:81:17:81:42":3,"s:82:14:82:44":4,"s:83:18:83:48":5,"s:84:29:84:Infinity":6,"b:84:29:84:41:84:41:84:Infinity":0,"s:85:26:85:Infinity":7,"s:87:5:89:Infinity":8,"b:87:5:87:35:87:35:87:Infinity:88:4:88:Infinity:89:4:89:Infinity":1,"s:90:23:90:53":9,"s:91:28:91:Infinity":10,"b:91:28:91:49:91:49:91:Infinity":2,"s:92:2:99:Infinity":11,"b:96:24:96:48:96:48:96:Infinity":3,"s:102:53:109:Infinity":12,"s:111:59:118:Infinity":13,"s:122:78:127:Infinity":14,"f:129:9:129:Infinity":1,"s:133:2:136:Infinity":15,"s:133:15:133:27":16,"s:134:18:134:Infinity":17,"b:135:4:136:Infinity:undefined:undefined:undefined:undefined":4,"s:135:4:136:Infinity":18,"b:135:8:135:40:135:40:135:69":5,"s:136:6:136:Infinity":19,"s:139:2:139:Infinity":20,"s:142:60:163:Infinity":21,"f:165:9:165:19":2,"s:166:16:166:Infinity":22,"s:167:2:167:Infinity":23,"b:167:37:167:45:167:45:167:Infinity":6,"f:170:9:170:24":3,"s:171:2:171:Infinity":24,"f:174:9:174:20":4,"s:175:23:175:51":25,"s:176:23:176:53":26,"s:177:27:177:57":27,"s:178:26:178:56":28,"s:179:25:179:55":29,"s:180:27:180:57":30,"s:181:28:181:58":31,"s:182:24:182:54":32,"s:183:27:183:56":33,"s:185:2:194:Infinity":34,"b:187:21:187:42:187:42:187:Infinity":7,"b:189:6:189:Infinity:190:6:190:Infinity:191:6:191:Infinity":8,"b:192:21:192:46:192:46:192:Infinity":9,"b:193:24:193:46:193:46:193:Infinity":10,"f:197:16:197:33":5,"s:202:2:206:Infinity":35,"f:202:27:202:32":6,"s:202:41:206:5":36,"f:206:6:206:12":7,"s:206:28:206:53":37,"f:210:16:210:39":8,"b:211:2:212:Infinity:undefined:undefined:undefined:undefined":11,"s:211:2:212:Infinity":38,"s:212:4:212:Infinity":39,"s:215:2:215:Infinity":40,"f:218:9:218:Infinity":9,"s:223:2:223:Infinity":41,"f:226:9:226:Infinity":10,"s:231:2:231:Infinity":42,"f:234:9:234:24":11,"s:235:15:235:32":43,"s:237:2:248:Infinity":44,"f:238:5:238:11":12,"s:238:27:238:58":45,"f:239:5:239:10":13,"s:239:19:239:30":46,"f:240:5:240:13":14,"b:241:6:242:Infinity:undefined:undefined:undefined:undefined":12,"s:241:6:242:Infinity":47,"s:242:8:242:Infinity":48,"s:245:6:245:Infinity":49,"s:246:6:246:Infinity":50,"f:251:9:251:Infinity":15,"s:254:15:254:32":51,"s:256:2:267:Infinity":52,"f:257:5:257:11":16,"s:257:27:257:58":53,"f:258:5:258:10":17,"s:258:19:258:30":54,"f:259:5:259:13":18,"b:260:6:261:Infinity:undefined:undefined:undefined:undefined":13,"s:260:6:261:Infinity":55,"s:261:8:261:Infinity":56,"s:264:6:264:Infinity":57,"s:265:6:265:Infinity":58,"f:270:16:270:Infinity":19,"s:273:2:300:Infinity":59,"f:303:16:303:27":20,"s:304:17:304:38":60,"s:305:18:305:Infinity":61,"f:305:25:305:33":21,"s:305:43:305:54":62,"s:306:18:306:Infinity":63,"f:306:25:306:33":22,"s:306:43:306:54":64,"s:307:18:307:Infinity":65,"f:307:25:307:33":23,"s:307:43:307:54":66,"b:309:2:310:Infinity:undefined:undefined:undefined:undefined":14,"s:309:2:310:Infinity":67,"s:310:4:310:Infinity":68,"b:313:2:314:Infinity:undefined:undefined:undefined:undefined":15,"s:313:2:314:Infinity":69,"b:313:6:313:22:313:22:313:36":16,"s:314:4:314:Infinity":70,"b:317:2:318:Infinity:undefined:undefined:undefined:undefined":17,"s:317:2:318:Infinity":71,"f:317:13:317:20":24,"s:317:30:317:41":72,"s:318:4:318:Infinity":73,"b:321:2:322:Infinity:undefined:undefined:undefined:undefined":18,"s:321:2:322:Infinity":74,"b:321:6:321:41:321:45:321:59":19,"f:321:13:321:20":25,"s:321:30:321:41":75,"s:322:4:322:Infinity":76,"s:325:2:325:Infinity":77,"f:328:16:328:32":26,"b:329:2:334:Infinity:undefined:undefined:undefined:undefined":20,"s:329:2:334:Infinity":78,"s:330:4:334:Infinity":79,"b:336:2:341:Infinity:undefined:undefined:undefined:undefined":21,"s:336:2:341:Infinity":80,"s:337:4:341:Infinity":81,"b:344:2:362:Infinity:undefined:undefined:undefined:undefined":22,"s:344:2:362:Infinity":82,"b:344:6:344:34:344:34:344:62":23,"s:345:22:345:Infinity":83,"s:346:24:346:Infinity":84,"b:348:4:354:Infinity:351:11:354:Infinity":24,"s:348:4:354:Infinity":85,"b:348:8:348:21:348:21:348:34":25,"s:349:6:350:Infinity":86,"b:350:55:350:66:350:66:350:Infinity":26,"b:351:11:354:Infinity:353:11:354:Infinity":27,"s:351:11:354:Infinity":87,"s:352:6:352:Infinity":88,"s:354:6:354:Infinity":89,"s:357:6:357:Infinity":90,"b:357:28:357:50:357:50:357:Infinity":28,"s:358:4:362:Infinity":91,"s:365:17:365:41":92,"s:366:18:366:Infinity":93,"b:368:2:373:Infinity:undefined:undefined:undefined:undefined":29,"s:368:2:373:Infinity":94,"s:369:4:373:Infinity":95,"b:376:2:381:Infinity:undefined:undefined:undefined:undefined":30,"s:376:2:381:Infinity":96,"s:377:4:381:Infinity":97,"b:384:2:397:Infinity:undefined:undefined:undefined:undefined":31,"s:384:2:397:Infinity":98,"s:385:21:385:63":99,"b:386:4:391:Infinity:undefined:undefined:undefined:undefined":32,"s:386:4:391:Infinity":100,"s:387:6:391:Infinity":101,"s:393:4:397:Infinity":102,"b:400:2:419:Infinity:undefined:undefined:undefined:undefined":33,"s:400:2:419:Infinity":103,"s:401:4:413:Infinity":104,"s:401:17:401:20":105,"s:402:20:402:Infinity":106,"b:403:6:404:Infinity:undefined:undefined:undefined:undefined":34,"s:403:6:404:Infinity":107,"b:403:10:403:42:403:42:403:71":35,"s:404:8:404:Infinity":108,"b:406:6:407:Infinity:undefined:undefined:undefined:undefined":36,"s:406:6:407:Infinity":109,"b:406:10:406:39:406:39:406:66":37,"s:407:8:407:Infinity":110,"s:409:6:413:Infinity":111,"s:415:4:419:Infinity":112,"s:422:2:426:Infinity":113,"f:429:16:429:Infinity":27,"s:434:42:434:44":114,"s:435:54:435:56":115,"s:436:41:436:43":116,"s:437:27:437:44":117,"s:438:24:438:54":118,"s:439:18:439:37":119,"s:440:28:440:58":120,"s:441:27:441:57":121,"s:442:24:442:Infinity":122,"s:444:4:444:Infinity":123,"b:444:4:444:44:444:44:444:Infinity":38,"b:446:2:451:Infinity:undefined:undefined:undefined:undefined":39,"s:446:2:451:Infinity":124,"s:447:4:451:Infinity":125,"b:454:2:464:Infinity:undefined:undefined:undefined:undefined":40,"s:454:2:464:Infinity":126,"s:455:4:459:Infinity":127,"s:460:4:464:Infinity":128,"b:467:2:497:Infinity:undefined:undefined:undefined:undefined":41,"s:467:2:497:Infinity":129,"b:467:6:467:33:467:33:467:59":42,"s:468:4:472:Infinity":130,"s:473:4:482:Infinity":131,"s:483:4:492:Infinity":132,"s:493:4:497:Infinity":133,"s:501:18:501:48":134,"s:502:18:502:48":135,"b:503:2:513:Infinity:undefined:undefined:undefined:undefined":43,"s:503:2:513:Infinity":136,"b:503:6:503:22:503:22:503:36":44,"s:504:4:513:Infinity":137,"s:516:24:516:54":138,"b:517:2:522:Infinity:undefined:undefined:undefined:undefined":45,"s:517:2:522:Infinity":139,"s:518:4:522:Infinity":140,"b:525:2:535:Infinity:undefined:undefined:undefined:undefined":46,"s:525:2:535:Infinity":141,"b:525:6:525:34:525:34:525:63":47,"s:526:4:530:Infinity":142,"s:531:4:535:Infinity":143,"b:538:2:553:Infinity:undefined:undefined:undefined:undefined":48,"s:538:2:553:Infinity":144,"s:539:4:548:Infinity":145,"s:549:4:553:Infinity":146,"b:556:2:576:Infinity:undefined:undefined:undefined:undefined":49,"s:556:2:576:Infinity":147,"b:556:6:556:32:556:32:556:55":50,"s:557:4:561:Infinity":148,"s:562:4:571:Infinity":149,"s:572:4:576:Infinity":150,"b:579:2:619:Infinity:undefined:undefined:undefined:undefined":51,"s:579:2:619:Infinity":151,"s:580:4:584:Infinity":152,"s:585:4:594:Infinity":153,"s:595:4:604:Infinity":154,"s:605:4:614:Infinity":155,"s:615:4:619:Infinity":156,"b:622:2:632:Infinity:undefined:undefined:undefined:undefined":52,"s:622:2:632:Infinity":157,"b:622:6:622:33:622:33:622:56":53,"s:623:4:632:Infinity":158,"b:635:2:640:Infinity:undefined:undefined:undefined:undefined":54,"s:635:2:640:Infinity":159,"b:635:6:635:36:635:36:635:62":55,"s:636:4:640:Infinity":160,"b:643:2:648:Infinity:undefined:undefined:undefined:undefined":56,"s:643:2:648:Infinity":161,"b:643:6:643:33:643:33:643:61":57,"s:644:4:648:Infinity":162,"b:651:2:656:Infinity:undefined:undefined:undefined:undefined":58,"s:651:2:656:Infinity":163,"s:652:4:656:Infinity":164,"b:659:2:664:Infinity:undefined:undefined:undefined:undefined":59,"s:659:2:664:Infinity":165,"s:660:4:664:Infinity":166,"b:667:2:672:Infinity:undefined:undefined:undefined:undefined":60,"s:667:2:672:Infinity":167,"s:668:4:672:Infinity":168,"s:675:23:675:48":169,"s:676:25:676:58":170,"s:677:22:677:46":171,"s:679:2:689:Infinity":172,"b:682:10:682:Infinity:683:10:683:71":61,"b:687:10:687:Infinity:688:10:688:Infinity":62}}}
}
